<?xml version="1.0" encoding="UTF-8"?>
<!-- Generated by org.testng.reporters.JUnitReportReporter -->
<testsuite hostname="USER-PC" name="com.qa.testcases.LoginPageTest" tests="2" failures="0" timestamp="2 Jun 2020 06:43:37 GMT" time="50.379" errors="0">
  <testcase name="validateLogin" time="27.174" classname="com.qa.testcases.LoginPageTest"/>
  <testcase name="ValidatetitleTest" time="23.205" classname="com.qa.testcases.LoginPageTest"/>
</testsuite> <!-- com.qa.testcases.LoginPageTest -->
