<?xml version="1.0" encoding="UTF-8"?>
<!-- Generated by org.testng.reporters.JUnitReportReporter -->
<testsuite hostname="USER-PC" name="com.qa.testcases.RecruitmentPageTest" tests="6" failures="0" timestamp="10 Jun 2020 10:21:38 GMT" time="225.225" errors="0">
  <testcase name="varifyjobTitle" time="25.532" classname="com.qa.testcases.RecruitmentPageTest"/>
  <testcase name="varifyjobVacancy" time="60.628" classname="com.qa.testcases.RecruitmentPageTest"/>
  <testcase name="varifyStatus" time="23.734" classname="com.qa.testcases.RecruitmentPageTest"/>
  <testcase name="varifyHiringManager" time="24.742" classname="com.qa.testcases.RecruitmentPageTest"/>
  <testcase name="varifyAddCandidate" time="31.982" classname="com.qa.testcases.RecruitmentPageTest"/>
  <testcase name="varifyCandidateCreaditials" time="58.607" classname="com.qa.testcases.RecruitmentPageTest"/>
</testsuite> <!-- com.qa.testcases.RecruitmentPageTest -->
