<?xml version="1.0" encoding="UTF-8"?>
<!-- Generated by org.testng.reporters.JUnitReportReporter -->
<testsuite hostname="USER-PC" name="com.qa.testcases.AddCandidateTest" tests="1" failures="0" timestamp="10 Jun 2020 11:24:01 GMT" time="9.460" errors="0">
  <testcase name="varifyCreditials" time="9.460" classname="com.qa.testcases.AddCandidateTest"/>
</testsuite> <!-- com.qa.testcases.AddCandidateTest -->
