<?xml version="1.0" encoding="UTF-8"?>
<!-- Generated by org.testng.reporters.JUnitReportReporter -->
<testsuite hostname="USER-PC" name="com.qa.testcases.EmployeeListTest" tests="1" failures="0" timestamp="9 Jun 2020 10:07:38 GMT" time="37.016" errors="0">
  <testcase name="varifyEmpSearch" time="37.016" classname="com.qa.testcases.EmployeeListTest"/>
</testsuite> <!-- com.qa.testcases.EmployeeListTest -->
