<?xml version="1.0" encoding="UTF-8"?>
<!-- Generated by org.testng.reporters.JUnitReportReporter -->
<testsuite hostname="USER-PC" name="com.qa.testcases.HomePageTest" tests="3" failures="0" timestamp="2 Jun 2020 07:26:56 GMT" time="132.288" errors="0">
  <testcase name="varidyAdmin" time="44.689" classname="com.qa.testcases.HomePageTest"/>
  <testcase name="verifyLeavePage" time="47.220" classname="com.qa.testcases.HomePageTest"/>
  <testcase name="varifyHomePageTitleTest" time="40.379" classname="com.qa.testcases.HomePageTest"/>
</testsuite> <!-- com.qa.testcases.HomePageTest -->
