<?xml version="1.0" encoding="UTF-8"?>
<!-- Generated by org.testng.reporters.JUnitReportReporter -->
<testsuite hostname="USER-PC" name="com.qa.testcases.AddEmployeeTest" tests="2" failures="0" timestamp="9 Jun 2020 10:05:03 GMT" time="62.169" errors="0">
  <testcase name="validateTitle" time="29.288" classname="com.qa.testcases.AddEmployeeTest"/>
  <testcase name="validateCreditionals" time="32.881" classname="com.qa.testcases.AddEmployeeTest"/>
</testsuite> <!-- com.qa.testcases.AddEmployeeTest -->
