<?xml version="1.0" encoding="UTF-8"?>
<!-- Generated by org.testng.reporters.JUnitReportReporter -->
<testsuite hostname="USER-PC" name="com.qa.testcases.LoginPageTest" tests="2" failures="0" timestamp="5 Jun 2020 13:47:32 GMT" time="29.515" errors="0">
  <testcase name="ValidatetitleTest" time="13.182" classname="com.qa.testcases.LoginPageTest"/>
  <testcase name="validateLogin" time="16.333" classname="com.qa.testcases.LoginPageTest"/>
</testsuite> <!-- com.qa.testcases.LoginPageTest -->
