<?xml version="1.0" encoding="UTF-8"?>
<!-- Generated by org.testng.reporters.JUnitReportReporter -->
<testsuite hostname="USER-PC" name="com.qa.testcases.HomePageTest" tests="3" failures="0" timestamp="4 Jun 2020 04:11:11 GMT" time="92.642" errors="0">
  <testcase name="varifyAdmin" time="34.616" classname="com.qa.testcases.HomePageTest"/>
  <testcase name="verifyLeavePage" time="29.252" classname="com.qa.testcases.HomePageTest"/>
  <testcase name="varifyHomePageTitleTest" time="28.774" classname="com.qa.testcases.HomePageTest"/>
</testsuite> <!-- com.qa.testcases.HomePageTest -->
