<?xml version="1.0" encoding="UTF-8"?>
<!-- Generated by org.testng.reporters.JUnitReportReporter -->
<testsuite hostname="USER-PC" name="com.qa.testcases.AddEntitlementTest" tests="1" failures="0" timestamp="5 Jun 2020 15:15:50 GMT" time="25.986" errors="0">
  <testcase name="addEmpEntitlement" time="25.986" classname="com.qa.testcases.AddEntitlementTest"/>
</testsuite> <!-- com.qa.testcases.AddEntitlementTest -->
