<?xml version="1.0" encoding="UTF-8"?>
<!-- Generated by org.testng.reporters.JUnitReportReporter -->
<testsuite skipped="1" hostname="stummulw.remote.csb" name="com.qa.testcases.EmployeeListTest" tests="1" failures="0" timestamp="2020-12-07T13:06:27 IST" time="0.000" errors="0">
  <testcase name="varifyEmpSearch" time="0.000" classname="com.qa.testcases.EmployeeListTest">
    <skipped/>
  </testcase> <!-- varifyEmpSearch -->
  <system-out/>
</testsuite> <!-- com.qa.testcases.EmployeeListTest -->
