<?xml version="1.0" encoding="UTF-8"?>
<!-- Generated by org.testng.reporters.JUnitReportReporter -->
<testsuite skipped="4" hostname="stummulw.remote.csb" name="com.qa.testcases.LeavePageTest" tests="4" failures="0" timestamp="2020-12-07T13:06:27 IST" time="0.000" errors="0">
  <testcase name="varifyAssignPage" time="0.000" classname="com.qa.testcases.LeavePageTest">
    <skipped/>
  </testcase> <!-- varifyAssignPage -->
  <system-out/>
  <testcase name="varifyEntitlementPage" time="0.000" classname="com.qa.testcases.LeavePageTest">
    <skipped/>
  </testcase> <!-- varifyEntitlementPage -->
  <system-out/>
  <testcase name="varifyLeaveList" time="0.000" classname="com.qa.testcases.LeavePageTest">
    <skipped/>
  </testcase> <!-- varifyLeaveList -->
  <system-out/>
  <testcase name="varifyReports" time="0.000" classname="com.qa.testcases.LeavePageTest">
    <skipped/>
  </testcase> <!-- varifyReports -->
  <system-out/>
</testsuite> <!-- com.qa.testcases.LeavePageTest -->
