<?xml version="1.0" encoding="UTF-8"?>
<!-- Generated by org.testng.reporters.JUnitReportReporter -->
<testsuite skipped="5" hostname="stummulw.remote.csb" name="com.qa.testcases.HomePageTest" tests="5" failures="0" timestamp="2020-12-07T13:06:27 IST" time="0.000" errors="0">
  <testcase name="varifyHomePageTitleTest" time="0.000" classname="com.qa.testcases.HomePageTest">
    <skipped/>
  </testcase> <!-- varifyHomePageTitleTest -->
  <system-out/>
  <testcase name="varifyPIM" time="0.000" classname="com.qa.testcases.HomePageTest">
    <skipped/>
  </testcase> <!-- varifyPIM -->
  <system-out/>
  <testcase name="varifyAdmin" time="0.000" classname="com.qa.testcases.HomePageTest">
    <skipped/>
  </testcase> <!-- varifyAdmin -->
  <system-out/>
  <testcase name="verifyLeavePage" time="0.000" classname="com.qa.testcases.HomePageTest">
    <skipped/>
  </testcase> <!-- verifyLeavePage -->
  <system-out/>
  <testcase name="varifyRecruitment" time="0.000" classname="com.qa.testcases.HomePageTest">
    <skipped/>
  </testcase> <!-- varifyRecruitment -->
  <system-out/>
</testsuite> <!-- com.qa.testcases.HomePageTest -->
