<?xml version="1.0" encoding="UTF-8"?>
<!-- Generated by org.testng.reporters.JUnitReportReporter -->
<testsuite skipped="2" hostname="stummulw.remote.csb" name="com.qa.testcases.LoginPageTest" tests="2" failures="0" timestamp="2020-12-07T13:06:27 IST" time="0.000" errors="0">
  <testcase name="validateLogin" time="0.000" classname="com.qa.testcases.LoginPageTest">
    <skipped/>
  </testcase> <!-- validateLogin -->
  <system-out/>
  <testcase name="ValidatetitleTest" time="0.000" classname="com.qa.testcases.LoginPageTest">
    <skipped/>
  </testcase> <!-- ValidatetitleTest -->
  <system-out/>
</testsuite> <!-- com.qa.testcases.LoginPageTest -->
