<?xml version="1.0" encoding="UTF-8"?>
<!-- Generated by org.testng.reporters.JUnitReportReporter -->
<testsuite skipped="6" hostname="stummulw.remote.csb" name="com.qa.testcases.RecruitmentPageTest" tests="6" failures="0" timestamp="2020-12-07T13:06:27 IST" time="0.000" errors="0">
  <testcase name="varifyjobTitle" time="0.000" classname="com.qa.testcases.RecruitmentPageTest">
    <skipped/>
  </testcase> <!-- varifyjobTitle -->
  <system-out/>
  <testcase name="varifyjobVacancy" time="0.000" classname="com.qa.testcases.RecruitmentPageTest">
    <skipped/>
  </testcase> <!-- varifyjobVacancy -->
  <system-out/>
  <testcase name="varifyHiringManager" time="0.000" classname="com.qa.testcases.RecruitmentPageTest">
    <skipped/>
  </testcase> <!-- varifyHiringManager -->
  <system-out/>
  <testcase name="varifyStatus" time="0.000" classname="com.qa.testcases.RecruitmentPageTest">
    <skipped/>
  </testcase> <!-- varifyStatus -->
  <system-out/>
  <testcase name="varifyCandidateCreaditials" time="0.000" classname="com.qa.testcases.RecruitmentPageTest">
    <skipped/>
  </testcase> <!-- varifyCandidateCreaditials -->
  <system-out/>
  <testcase name="varifyAddCandidate" time="0.000" classname="com.qa.testcases.RecruitmentPageTest">
    <skipped/>
  </testcase> <!-- varifyAddCandidate -->
  <system-out/>
</testsuite> <!-- com.qa.testcases.RecruitmentPageTest -->
