<?xml version="1.0" encoding="UTF-8"?>
<!-- Generated by org.testng.reporters.JUnitReportReporter -->
<testsuite skipped="2" hostname="stummulw.remote.csb" name="com.qa.testcases.PIMPageTest" tests="2" failures="0" timestamp="2020-12-07T13:06:27 IST" time="0.000" errors="0">
  <testcase name="validateEmpList" time="0.000" classname="com.qa.testcases.PIMPageTest">
    <skipped/>
  </testcase> <!-- validateEmpList -->
  <system-out/>
  <testcase name="validateAddEmp" time="0.000" classname="com.qa.testcases.PIMPageTest">
    <skipped/>
  </testcase> <!-- validateAddEmp -->
  <system-out/>
</testsuite> <!-- com.qa.testcases.PIMPageTest -->
